<?xml version="1.0" encoding="UTF-8"?>
<!-- Generated by org.testng.reporters.JUnitReportReporter -->
<testsuite hostname="rayhan" failures="0" tests="1" name="com.TestNG.PracticParameter" time="0.006" errors="0" timestamp="2022-12-27T19:03:09 EST" skipped="0">
  <testcase classname="com.TestNG.PracticParameter" name="getName" time="0.006"/>
  <system-out/>
</testsuite> <!-- com.TestNG.PracticParameter -->
