<?xml version="1.0" encoding="UTF-8"?>
<!-- Generated by org.testng.reporters.JUnitReportReporter -->
<testsuite hostname="rayhan" failures="0" tests="1" name="testingTESTNG.TESTNGtesting" time="0.005" errors="0" timestamp="2022-12-22T00:32:25 EST" skipped="0">
  <testcase classname="testingTESTNG.TESTNGtesting" name="openbrowser" time="0.005"/>
  <system-out/>
</testsuite> <!-- testingTESTNG.TESTNGtesting -->
