<?xml version="1.0" encoding="UTF-8"?>
<!-- Generated by org.testng.reporters.JUnitReportReporter -->
<testsuite hostname="rayhan" failures="0" tests="6" name="com.TestNG.PracticeGroup" time="0.006" errors="0" timestamp="2022-12-26T23:49:14 EST" skipped="0">
  <testcase classname="com.TestNG.PracticeGroup" name="login" time="0.005"/>
  <system-out/>
  <testcase classname="com.TestNG.PracticeGroup" name="Book" time="0.000"/>
  <system-out/>
  <testcase classname="com.TestNG.PracticeGroup" name="Pen" time="0.001"/>
  <system-out/>
  <testcase classname="com.TestNG.PracticeGroup" name="WorkBook" time="0.000"/>
  <system-out/>
  <testcase classname="com.TestNG.PracticeGroup" name="Cart" time="0.000"/>
  <system-out/>
  <testcase classname="com.TestNG.PracticeGroup" name="Payment" time="0.000"/>
  <system-out/>
</testsuite> <!-- com.TestNG.PracticeGroup -->
