<?xml version="1.0" encoding="UTF-8"?>
<!-- Generated by org.testng.reporters.JUnitReportReporter -->
<testsuite hostname="rayhan" failures="0" tests="2" name="com.TestNG.PractisetestNGallanotation" time="0.004" errors="0" timestamp="2022-12-25T18:08:17 EST" skipped="0">
  <testcase classname="com.TestNG.PractisetestNGallanotation" name="testRun" time="0.002"/>
  <system-out/>
  <testcase classname="com.TestNG.PractisetestNGallanotation" name="testRun1" time="0.002"/>
  <system-out/>
</testsuite> <!-- com.TestNG.PractisetestNGallanotation -->
